<?xml version="1.0" encoding="UTF-8"?>
<!-- Generated by org.testng.reporters.JUnitXMLReporter -->
<testsuite ignored="0" hostname="DESKTOP-50ERBGQ" failures="0" tests="3" name="Default test" time="16.981" errors="0" timestamp="2023-02-06T11:30:24 IST">
  <testcase classname="selenium_basics.Learn_Screen_shot" name="Learn_Screen_shot" time="4.945"/>
  <testcase classname="selenium_basics.Learn_Screen_shot" name="Learn_Element_Screenshot" time="3.708"/>
  <testcase classname="selenium_basics.Learn_Screen_shot" name="Learn_Full_Page_Screenshot" time="8.276"/>
</testsuite> <!-- Default test -->
