<?xml version="1.0" encoding="UTF-8"?>
<testng-results ignored="0" total="1" passed="1" failed="0" skipped="0">
  <reporter-output>
  </reporter-output>
  <suite started-at="2023-02-11T22:06:11 IST" name="Default suite" finished-at="2023-02-11T22:06:28 IST" duration-ms="16801">
    <groups>
    </groups>
    <test started-at="2023-02-11T22:06:11 IST" name="Default test" finished-at="2023-02-11T22:06:28 IST" duration-ms="16801">
      <class name="selenium_basics.Learn_Dropdown">
        <test-method signature="AutosuggetiveDropdown()[pri:0, instance:selenium_basics.Learn_Dropdown@32b260fa]" started-at="2023-02-11T22:06:11 IST" name="AutosuggetiveDropdown" finished-at="2023-02-11T22:06:28 IST" duration-ms="16767" status="PASS">
          <reporter-output>
          </reporter-output>
        </test-method> <!-- AutosuggetiveDropdown -->
      </class> <!-- selenium_basics.Learn_Dropdown -->
    </test> <!-- Default test -->
  </suite> <!-- Default suite -->
</testng-results>
