<?xml version="1.0" encoding="UTF-8"?>
<testng-results ignored="0" total="3" passed="3" failed="0" skipped="0">
  <reporter-output>
  </reporter-output>
  <suite started-at="2023-02-06T11:30:07 IST" name="Default suite" finished-at="2023-02-06T11:30:24 IST" duration-ms="16981">
    <groups>
    </groups>
    <test started-at="2023-02-06T11:30:07 IST" name="Default test" finished-at="2023-02-06T11:30:24 IST" duration-ms="16981">
      <class name="selenium_basics.Learn_Screen_shot">
        <test-method signature="Learn_Screen_shot()[pri:1, instance:selenium_basics.Learn_Screen_shot@6d4e5011]" started-at="2023-02-06T11:30:07 IST" name="Learn_Screen_shot" finished-at="2023-02-06T11:30:12 IST" duration-ms="4945" status="PASS">
          <reporter-output>
          </reporter-output>
        </test-method> <!-- Learn_Screen_shot -->
        <test-method signature="Learn_Element_Screenshot()[pri:2, instance:selenium_basics.Learn_Screen_shot@6d4e5011]" started-at="2023-02-06T11:30:12 IST" name="Learn_Element_Screenshot" finished-at="2023-02-06T11:30:16 IST" duration-ms="3708" status="PASS">
          <reporter-output>
          </reporter-output>
        </test-method> <!-- Learn_Element_Screenshot -->
        <test-method signature="Learn_Full_Page_Screenshot()[pri:3, instance:selenium_basics.Learn_Screen_shot@6d4e5011]" started-at="2023-02-06T11:30:16 IST" name="Learn_Full_Page_Screenshot" finished-at="2023-02-06T11:30:24 IST" duration-ms="8276" status="PASS">
          <reporter-output>
          </reporter-output>
        </test-method> <!-- Learn_Full_Page_Screenshot -->
      </class> <!-- selenium_basics.Learn_Screen_shot -->
    </test> <!-- Default test -->
  </suite> <!-- Default suite -->
</testng-results>
